[debug] [2022-11-17T06:56:43.161Z] ----------------------------------------------------------------------
[debug] [2022-11-17T06:56:43.163Z] Command:       C:\Program Files\nodejs\node.exe C:\Users\Nayan\AppData\Roaming\npm\node_modules\firebase-tools\lib\bin\firebase.js init
[debug] [2022-11-17T06:56:43.163Z] CLI Version:   11.16.1
[debug] [2022-11-17T06:56:43.163Z] Platform:      win32
[debug] [2022-11-17T06:56:43.163Z] Node Version:  v18.12.1
[debug] [2022-11-17T06:56:43.164Z] Time:          Thu Nov 17 2022 12:56:43 GMT+0600 (Bangladesh Standard Time)
[debug] [2022-11-17T06:56:43.164Z] ----------------------------------------------------------------------
[debug] 
[debug] [2022-11-17T06:56:43.170Z] > command requires scopes: ["email","openid","https://www.googleapis.com/auth/cloudplatformprojects.readonly","https://www.googleapis.com/auth/firebase","https://www.googleapis.com/auth/cloud-platform"]
[debug] [2022-11-17T06:56:43.171Z] > authorizing via signed-in user (saklain15-12003@diu.edu.bd)
[info] 
     ######## #### ########  ######## ########     ###     ######  ########
     ##        ##  ##     ## ##       ##     ##  ##   ##  ##       ##
     ######    ##  ########  ######   ########  #########  ######  ######
     ##        ##  ##    ##  ##       ##     ## ##     ##       ## ##
     ##       #### ##     ## ######## ########  ##     ##  ######  ########

You're about to initialize a Firebase project in this directory:

  E:\React Important\milestone-12\module-75\doctors-portal-client

[info] 
=== Project Setup
[info] 
[info] First, let's associate this project directory with a Firebase project.
[info] You can create multiple project aliases by running firebase use --add, 
[info] but for now we'll just set up a default project.
[info] 
[debug] [2022-11-17T06:57:03.014Z] >>> [apiv2][query] GET https://firebase.googleapis.com/v1beta1/projects pageSize=100
[debug] [2022-11-17T06:57:03.965Z] <<< [apiv2][status] GET https://firebase.googleapis.com/v1beta1/projects 200
[debug] [2022-11-17T06:57:03.966Z] <<< [apiv2][body] GET https://firebase.googleapis.com/v1beta1/projects [omitted]
